<?xml version="1.0" encoding="UTF-8"?>
<testng-results total="1" passed="1" failed="0" skipped="0">
  <reporter-output>
  </reporter-output>
  <suite started-at="2022-05-05T17:30:41Z" name="Default suite" finished-at="2022-05-05T17:31:10Z" duration-ms="28372">
    <groups>
    </groups>
    <test started-at="2022-05-05T17:30:41Z" name="Default test" finished-at="2022-05-05T17:31:10Z" duration-ms="28372">
      <class name="Tests.LoginTest">
        <test-method is-config="true" signature="launchBrowser()[pri:0, instance:Tests.LoginTest@4be29ed9]" started-at="2022-05-05T23:00:41Z" name="launchBrowser" finished-at="2022-05-05T23:01:05Z" duration-ms="23895" status="PASS">
          <reporter-output>
          </reporter-output>
        </test-method> <!-- launchBrowser -->
        <test-method signature="login()[pri:0, instance:Tests.LoginTest@4be29ed9]" started-at="2022-05-05T23:01:05Z" name="login" finished-at="2022-05-05T23:01:09Z" duration-ms="4075" status="PASS">
          <reporter-output>
          </reporter-output>
        </test-method> <!-- login -->
        <test-method is-config="true" signature="closeBrowser()[pri:0, instance:Tests.LoginTest@4be29ed9]" started-at="2022-05-05T23:01:09Z" name="closeBrowser" finished-at="2022-05-05T23:01:10Z" duration-ms="350" status="PASS">
          <reporter-output>
          </reporter-output>
        </test-method> <!-- closeBrowser -->
      </class> <!-- Tests.LoginTest -->
    </test> <!-- Default test -->
  </suite> <!-- Default suite -->
</testng-results>
